<?xml version="1.0" encoding="UTF-8"?>
<testng-results ignored="1" total="2" passed="1" failed="0" skipped="0">
  <reporter-output>
  </reporter-output>
  <suite started-at="2022-08-02T20:38:49 IST" name="Suite" finished-at="2022-08-02T20:38:49 IST" duration-ms="34">
    <groups>
    </groups>
    <test started-at="2022-08-02T20:38:49 IST" name="Test" finished-at="2022-08-02T20:38:49 IST" duration-ms="34">
      <class name="Maven.SeleniumTest">
        <test-method signature="testSelenium()[pri:0, instance:Maven.SeleniumTest@32ee6fee]" started-at="2022-08-02T20:38:49 IST" name="testSelenium" finished-at="2022-08-02T20:38:49 IST" duration-ms="4" status="PASS">
          <reporter-output>
          </reporter-output>
        </test-method> <!-- testSelenium -->
      </class> <!-- Maven.SeleniumTest -->
    </test> <!-- Test -->
  </suite> <!-- Suite -->
</testng-results>
