<?xml version="1.0" encoding="UTF-8"?>
<testng-results ignored="1" total="2" passed="1" failed="0" skipped="0">
  <reporter-output>
  </reporter-output>
  <suite started-at="2022-08-02T20:37:50 IST" name="Suite" finished-at="2022-08-02T20:37:50 IST" duration-ms="29">
    <groups>
    </groups>
    <test started-at="2022-08-02T20:37:50 IST" name="Test" finished-at="2022-08-02T20:37:50 IST" duration-ms="29">
      <class name="Maven.SeleniumTest">
        <test-method signature="testSelenium()[pri:0, instance:Maven.SeleniumTest@33990a0c]" started-at="2022-08-02T20:37:50 IST" name="testSelenium" finished-at="2022-08-02T20:37:50 IST" duration-ms="9" status="PASS">
          <reporter-output>
          </reporter-output>
        </test-method> <!-- testSelenium -->
      </class> <!-- Maven.SeleniumTest -->
    </test> <!-- Test -->
  </suite> <!-- Suite -->
</testng-results>
